<?xml version='1.0' encoding='UTF-8'?>
<testsuite hostname="PCErik" name="Documents.Htwg.se.MADN.MenschAergereDichNicht.MainSpec" tests="3" errors="0" failures="0" skipped="0" time="0.063" timestamp="2021-10-29T10:11:05">
          <properties>
      <property name="java.specification.version" value="15"/><property name="sun.cpu.isalist" value="amd64"/><property name="sun.jnu.encoding" value="Cp1252"/><property name="sun.arch.data.model" value="64"/><property name="java.vendor.url" value="https://java.oracle.com/"/><property name="sun.boot.library.path" value="C:\Informatik\jdk-15\bin"/><property name="sun.java.command" value="xsbt.boot.Boot"/><property name="jdk.debug" value="release"/><property name="sun.stderr.encoding" value="cp850"/><property name="java.specification.vendor" value="Oracle Corporation"/><property name="java.version.date" value="2020-09-15"/><property name="java.home" value="C:\Informatik\jdk-15"/><property name="file.separator" value="\"/><property name="java.vm.compressedOopsMode" value="32-bit"/><property name="line.separator" value="
"/><property name="sun.stdout.encoding" value="cp850"/><property name="java.vm.specification.vendor" value="Oracle Corporation"/><property name="java.specification.name" value="Java Platform API Specification"/><property name="user.script" value=""/><property name="sun.management.compiler" value="HotSpot 64-Bit Tiered Compilers"/><property name="java.runtime.version" value="15+36-1562"/><property name="user.name" value="User"/><property name="log4j.ignoreTCL" value="true"/><property name="file.encoding" value="UTF-8"/><property name="jnidispatch.path" value="C:\Users\User\AppData\Local\Temp\jna-2645995\jna14087747120978378125.dll"/><property name="jna.loaded" value="true"/><property name="java.io.tmpdir" value="C:\Users\User\AppData\Local\Temp\"/><property name="java.version" value="15"/><property name="java.vm.specification.name" value="Java Virtual Machine Specification"/><property name="sun.os.patch.level" value=""/><property name="java.library.path" value="C:\Informatik\jdk-15\bin;C:\WINDOWS\Sun\Java\bin;C:\WINDOWS\system32;C:\WINDOWS;C:\Users\User;C:\WINDOWS;C:\WINDOWS\System32\Wbem;C:\WINDOWS\System32\WindowsPowerShell\v1.0\;C:\WINDOWS\System32\OpenSSH\;E:\Matlab\bin;C:\Program Files\Git\cmd;C:\Program Files (x86)\sbt\bin;C:\Users\User\AppData\Local\Microsoft\WindowsApps;C:\Informatik\jdk-15\bin;C:\Informatik\apache-ant-1.10.9\bin;C:\Informatik\AStyle\bin;C:\Informatik\Notepad++\;C:\Informatik\GnuWin32\bin;E:\Microsoft VS Code\bin;C:\Program Files\JetBrains\PyCharm Community Edition 2021.2.2\bin;;C:\Users\User\AppData\Local\GitHubDesktop\bin;C:\Program Files (x86)\sbt;;."/><property name="java.vendor" value="Oracle Corporation"/><property name="sun.io.unicode.encoding" value="UnicodeLittle"/><property name="java.class.path" value="C:\Program Files (x86)\sbt\\bin\sbt-launch.jar"/><property name="java.vm.vendor" value="Oracle Corporation"/><property name="user.variant" value=""/><property name="jline.shutdownhook" value="false"/><property name="user.timezone" value="Europe/Berlin"/><property name="java.vm.specification.version" value="15"/><property name="os.name" value="Windows 10"/><property name="sun.java.launcher" value="SUN_STANDARD"/><property name="user.country" value="DE"/><property name="sun.cpu.endian" value="little"/><property name="user.home" value="C:\Users\User"/><property name="user.language" value="de"/><property name="swoval.tmpdir" value="C:\Users\User\.sbt\1.0"/><property name="jline.esc.timeout" value="0"/><property name="path.separator" value=";"/><property name="os.version" value="10.0"/><property name="jna.nosys" value="true"/><property name="java.runtime.name" value="OpenJDK Runtime Environment"/><property name="java.vm.name" value="OpenJDK 64-Bit Server VM"/><property name="java.vendor.url.bug" value="https://bugreport.java.com/bugreport/"/><property name="user.dir" value="C:\Users\User\Documents\Htwg\se\MADN\MenschAergereDichNicht"/><property name="os.arch" value="amd64"/><property name="java.vm.info" value="mixed mode, sharing"/><property name="java.vm.version" value="15+36-1562"/><property name="java.class.version" value="59.0"/>
    </properties>
          <testcase classname="Documents.Htwg.se.MADN.MenschAergereDichNicht.MainSpec" name="Main should have a scalable field String of form'
+----+
|    |
+----+'" time="0.06">
                      
                    </testcase><testcase classname="Documents.Htwg.se.MADN.MenschAergereDichNicht.MainSpec" name="Main should have a scalable players String of form'
+----+
|    |
+----+'" time="0.002">
                      
                    </testcase><testcase classname="Documents.Htwg.se.MADN.MenschAergereDichNicht.MainSpec" name="Main should have a scalable home String of form'
+----+
|    |
+----+'" time="0.001">
                      
                    </testcase>
          <system-out><![CDATA[]]></system-out>
          <system-err><![CDATA[]]></system-err>
        </testsuite>